
  .   ____          _            __ _ _
 /\\ / ___'_ __ _ _(_)_ __  __ _ \ \ \ \
( ( )\___ | '_ | '_| | '_ \/ _` | \ \ \ \
 \\/  ___)| |_)| | | | | || (_| |  ) ) ) )
  '  |____| .__|_| |_|_| |_\__, | / / / /
 =========|_|==============|___/=/_/_/_/
 :: Spring Boot ::                (v3.1.0)

2026-02-27T06:53:23.733Z  INFO 1 --- [           main] com.organica.OrganicaApplication         : Starting OrganicaApplication v0.0.1-SNAPSHOT using Java 17.0.18 with PID 1 (/app/myapp.jar started by root in /app)
2026-02-27T06:53:23.757Z  INFO 1 --- [           main] com.organica.OrganicaApplication         : No active profile set, falling back to 1 default profile: "default"
2026-02-27T06:53:26.774Z  INFO 1 --- [           main] .s.d.r.c.RepositoryConfigurationDelegate : Bootstrapping Spring Data JPA repositories in DEFAULT mode.
2026-02-27T06:53:26.893Z  INFO 1 --- [           main] .s.d.r.c.RepositoryConfigurationDelegate : Finished Spring Data repository scanning in 96 ms. Found 4 JPA repository interfaces.
2026-02-27T06:53:28.156Z  INFO 1 --- [           main] o.s.b.w.embedded.tomcat.TomcatWebServer  : Tomcat initialized with port(s): 8080 (http)
2026-02-27T06:53:28.179Z  INFO 1 --- [           main] o.apache.catalina.core.StandardService   : Starting service [Tomcat]
2026-02-27T06:53:28.179Z  INFO 1 --- [           main] o.apache.catalina.core.StandardEngine    : Starting Servlet engine: [Apache Tomcat/10.1.8]
2026-02-27T06:53:28.304Z  INFO 1 --- [           main] o.a.c.c.C.[Tomcat].[localhost].[/]       : Initializing Spring embedded WebApplicationContext
2026-02-27T06:53:28.307Z  INFO 1 --- [           main] w.s.c.ServletWebServerApplicationContext : Root WebApplicationContext: initialization completed in 4021 ms
2026-02-27T06:53:28.633Z  INFO 1 --- [           main] o.hibernate.jpa.internal.util.LogHelper  : HHH000204: Processing PersistenceUnitInfo [name: default]
2026-02-27T06:53:28.820Z  INFO 1 --- [           main] org.hibernate.Version                    : HHH000412: Hibernate ORM core version 6.2.2.Final
2026-02-27T06:53:28.833Z  INFO 1 --- [           main] org.hibernate.cfg.Environment            : HHH000406: Using bytecode reflection optimizer
2026-02-27T06:53:29.112Z  INFO 1 --- [           main] o.h.b.i.BytecodeProviderInitiator        : HHH000021: Bytecode provider name : bytebuddy
2026-02-27T06:53:29.367Z  INFO 1 --- [           main] o.s.o.j.p.SpringPersistenceUnitInfo      : No LoadTimeWeaver setup: ignoring JPA class transformer
2026-02-27T06:53:29.418Z  INFO 1 --- [           main] com.zaxxer.hikari.HikariDataSource       : HikariPool-1 - Starting...
2026-02-27T06:53:30.233Z  INFO 1 --- [           main] com.zaxxer.hikari.pool.HikariPool        : HikariPool-1 - Added connection com.mysql.cj.jdbc.ConnectionImpl@52a36910
2026-02-27T06:53:30.236Z  INFO 1 --- [           main] com.zaxxer.hikari.HikariDataSource       : HikariPool-1 - Start completed.
2026-02-27T06:53:30.366Z  INFO 1 --- [           main] org.hibernate.orm.dialect                : HHH035001: Using dialect: org.hibernate.dialect.MySQLDialect, version: 8.0.45
2026-02-27T06:53:31.325Z  INFO 1 --- [           main] o.h.b.i.BytecodeProviderInitiator        : HHH000021: Bytecode provider name : bytebuddy
2026-02-27T06:53:32.595Z  INFO 1 --- [           main] o.h.e.t.j.p.i.JtaPlatformInitiator       : HHH000490: Using JtaPlatform implementation: [org.hibernate.engine.transaction.jta.platform.internal.NoJtaPlatform]
2026-02-27T06:53:32.888Z  INFO 1 --- [           main] j.LocalContainerEntityManagerFactoryBean : Initialized JPA EntityManagerFactory for persistence unit 'default'
2026-02-27T06:53:34.096Z  WARN 1 --- [           main] JpaBaseConfiguration$JpaWebConfiguration : spring.jpa.open-in-view is enabled by default. Therefore, database queries may be performed during view rendering. Explicitly configure spring.jpa.open-in-view to disable this warning
2026-02-27T06:53:34.712Z  INFO 1 --- [           main] o.s.s.web.DefaultSecurityFilterChain     : Will secure any request with [org.springframework.security.web.session.DisableEncodeUrlFilter@63f855b, org.springframework.security.web.context.request.async.WebAsyncManagerIntegrationFilter@516592b1, org.springframework.security.web.context.SecurityContextHolderFilter@4091b9c3, org.springframework.security.web.header.HeaderWriterFilter@2b916808, org.springframework.security.web.authentication.logout.LogoutFilter@3d9f5016, com.organica.config.JwtAuthenticationFilter@2f894ad9, org.springframework.security.web.savedrequest.RequestCacheAwareFilter@3610f277, org.springframework.security.web.servletapi.SecurityContextHolderAwareRequestFilter@41fa769c, org.springframework.security.web.authentication.AnonymousAuthenticationFilter@4cffcc61, org.springframework.security.web.session.SessionManagementFilter@7a3269f5, org.springframework.security.web.access.ExceptionTranslationFilter@2d0b05, org.springframework.security.web.access.intercept.AuthorizationFilter@321ca237]
2026-02-27T06:53:35.171Z  INFO 1 --- [           main] o.s.b.w.embedded.tomcat.TomcatWebServer  : Tomcat started on port(s): 8080 (http) with context path ''
2026-02-27T06:53:35.209Z  INFO 1 --- [           main] com.organica.OrganicaApplication         : Started OrganicaApplication in 14.097 seconds (process running for 15.551)
